0 info it worked if it ends with ok
1 verbose cli [ 'C:\\Program Files\\nodejs\\node.exe',
1 verbose cli   'C:\\Program Files\\nodejs\\node_modules\\npm\\bin\\npm-cli.js',
1 verbose cli   'install' ]
2 info using npm@3.10.10
3 info using node@v6.10.1
4 silly loadCurrentTree Starting
5 silly install loadCurrentTree
6 silly install readLocalPackageData
7 silly install normalizeTree
8 silly loadCurrentTree Finishing
9 silly loadIdealTree Starting
10 silly install loadIdealTree
11 silly cloneCurrentTree Starting
12 silly install cloneCurrentTreeToIdealTree
13 silly cloneCurrentTree Finishing
14 silly loadShrinkwrap Starting
15 silly install loadShrinkwrap
16 silly loadShrinkwrap Finishing
17 silly loadAllDepsIntoIdealTree Starting
18 silly install loadAllDepsIntoIdealTree
19 silly fetchNamedPackageData lcd
20 silly mapToRegistry name lcd
21 silly mapToRegistry using default registry
22 silly mapToRegistry registry https://registry.npmjs.org/
23 silly mapToRegistry data Result {
23 silly mapToRegistry   raw: 'lcd',
23 silly mapToRegistry   scope: null,
23 silly mapToRegistry   escapedName: 'lcd',
23 silly mapToRegistry   name: 'lcd',
23 silly mapToRegistry   rawSpec: '',
23 silly mapToRegistry   spec: 'latest',
23 silly mapToRegistry   type: 'tag' }
24 silly mapToRegistry uri https://registry.npmjs.org/lcd
25 verbose request uri https://registry.npmjs.org/lcd
26 verbose request no auth needed
27 info attempt registry request try #1 at 2:37:28 PM
28 verbose request id 3aa22672440408a2
29 verbose etag W/"57544828-6768"
30 verbose lastModified Sun, 05 Jun 2016 15:41:28 GMT
31 http request GET https://registry.npmjs.org/lcd
32 http 304 https://registry.npmjs.org/lcd
33 verbose headers { date: 'Sat, 29 Apr 2017 12:37:29 GMT',
33 verbose headers   via: '1.1 varnish',
33 verbose headers   'cache-control': 'max-age=300',
33 verbose headers   etag: 'W/"57544828-6768"',
33 verbose headers   age: '0',
33 verbose headers   connection: 'keep-alive',
33 verbose headers   'x-served-by': 'cache-ams4131-AMS',
33 verbose headers   'x-cache': 'MISS',
33 verbose headers   'x-cache-hits': '0',
33 verbose headers   'x-timer': 'S1493469449.247283,VS0,VE35',
33 verbose headers   vary: 'Accept-Encoding' }
34 silly get cb [ 304,
34 silly get   { date: 'Sat, 29 Apr 2017 12:37:29 GMT',
34 silly get     via: '1.1 varnish',
34 silly get     'cache-control': 'max-age=300',
34 silly get     etag: 'W/"57544828-6768"',
34 silly get     age: '0',
34 silly get     connection: 'keep-alive',
34 silly get     'x-served-by': 'cache-ams4131-AMS',
34 silly get     'x-cache': 'MISS',
34 silly get     'x-cache-hits': '0',
34 silly get     'x-timer': 'S1493469449.247283,VS0,VE35',
34 silly get     vary: 'Accept-Encoding' } ]
35 verbose etag https://registry.npmjs.org/lcd from cache
36 verbose get saving lcd to C:\Users\Stijn\AppData\Roaming\npm-cache\registry.npmjs.org\lcd\.cache.json
37 verbose correctMkdir C:\Users\Stijn\AppData\Roaming\npm-cache correctMkdir not in flight; initializing
38 silly resolveWithNewModule lcd@1.1.4 checking installable status
39 silly cache add args [ 'lcd@^1.1.4', null ]
40 verbose cache add spec lcd@^1.1.4
41 silly cache add parsed spec Result {
41 silly cache add   raw: 'lcd@^1.1.4',
41 silly cache add   scope: null,
41 silly cache add   escapedName: 'lcd',
41 silly cache add   name: 'lcd',
41 silly cache add   rawSpec: '^1.1.4',
41 silly cache add   spec: '>=1.1.4 <2.0.0',
41 silly cache add   type: 'range' }
42 silly addNamed lcd@>=1.1.4 <2.0.0
43 verbose addNamed ">=1.1.4 <2.0.0" is a valid semver range for lcd
44 silly addNameRange { name: 'lcd', range: '>=1.1.4 <2.0.0', hasData: false }
45 silly mapToRegistry name lcd
46 silly mapToRegistry using default registry
47 silly mapToRegistry registry https://registry.npmjs.org/
48 silly mapToRegistry data Result {
48 silly mapToRegistry   raw: 'lcd',
48 silly mapToRegistry   scope: null,
48 silly mapToRegistry   escapedName: 'lcd',
48 silly mapToRegistry   name: 'lcd',
48 silly mapToRegistry   rawSpec: '',
48 silly mapToRegistry   spec: 'latest',
48 silly mapToRegistry   type: 'tag' }
49 silly mapToRegistry uri https://registry.npmjs.org/lcd
50 verbose addNameRange registry:https://registry.npmjs.org/lcd not in flight; fetching
51 verbose get https://registry.npmjs.org/lcd not expired, no request
52 silly addNameRange number 2 { name: 'lcd', range: '>=1.1.4 <2.0.0', hasData: true }
53 silly addNameRange versions [ 'lcd',
53 silly addNameRange   [ '0.0.1',
53 silly addNameRange     '0.0.2',
53 silly addNameRange     '0.0.3',
53 silly addNameRange     '0.0.4',
53 silly addNameRange     '0.1.0',
53 silly addNameRange     '0.2.0',
53 silly addNameRange     '0.2.1',
53 silly addNameRange     '0.2.2',
53 silly addNameRange     '0.2.3',
53 silly addNameRange     '0.2.4',
53 silly addNameRange     '1.0.0',
53 silly addNameRange     '1.1.0',
53 silly addNameRange     '1.1.1',
53 silly addNameRange     '1.1.2',
53 silly addNameRange     '1.1.3',
53 silly addNameRange     '1.1.4' ] ]
54 silly addNamed lcd@1.1.4
55 verbose addNamed "1.1.4" is a plain semver version for lcd
56 silly cache afterAdd lcd@1.1.4
57 verbose afterAdd C:\Users\Stijn\AppData\Roaming\npm-cache\lcd\1.1.4\package\package.json not in flight; writing
58 verbose correctMkdir C:\Users\Stijn\AppData\Roaming\npm-cache correctMkdir not in flight; initializing
59 verbose afterAdd C:\Users\Stijn\AppData\Roaming\npm-cache\lcd\1.1.4\package\package.json written
60 silly fetchNamedPackageData onoff
61 silly mapToRegistry name onoff
62 silly mapToRegistry using default registry
63 silly mapToRegistry registry https://registry.npmjs.org/
64 silly mapToRegistry data Result {
64 silly mapToRegistry   raw: 'onoff',
64 silly mapToRegistry   scope: null,
64 silly mapToRegistry   escapedName: 'onoff',
64 silly mapToRegistry   name: 'onoff',
64 silly mapToRegistry   rawSpec: '',
64 silly mapToRegistry   spec: 'latest',
64 silly mapToRegistry   type: 'tag' }
65 silly mapToRegistry uri https://registry.npmjs.org/onoff
66 verbose request uri https://registry.npmjs.org/onoff
67 verbose request no auth needed
68 info attempt registry request try #1 at 2:37:29 PM
69 verbose etag W/"58ec6914-a821"
70 verbose lastModified Tue, 11 Apr 2017 05:26:44 GMT
71 http request GET https://registry.npmjs.org/onoff
72 http 304 https://registry.npmjs.org/onoff
73 verbose headers { date: 'Sat, 29 Apr 2017 12:37:29 GMT',
73 verbose headers   via: '1.1 varnish',
73 verbose headers   'cache-control': 'max-age=300',
73 verbose headers   etag: 'W/"58ec6914-a821"',
73 verbose headers   age: '0',
73 verbose headers   connection: 'keep-alive',
73 verbose headers   'x-served-by': 'cache-ams4131-AMS',
73 verbose headers   'x-cache': 'MISS',
73 verbose headers   'x-cache-hits': '0',
73 verbose headers   'x-timer': 'S1493469449.445880,VS0,VE8',
73 verbose headers   vary: 'Accept-Encoding' }
74 silly get cb [ 304,
74 silly get   { date: 'Sat, 29 Apr 2017 12:37:29 GMT',
74 silly get     via: '1.1 varnish',
74 silly get     'cache-control': 'max-age=300',
74 silly get     etag: 'W/"58ec6914-a821"',
74 silly get     age: '0',
74 silly get     connection: 'keep-alive',
74 silly get     'x-served-by': 'cache-ams4131-AMS',
74 silly get     'x-cache': 'MISS',
74 silly get     'x-cache-hits': '0',
74 silly get     'x-timer': 'S1493469449.445880,VS0,VE8',
74 silly get     vary: 'Accept-Encoding' } ]
75 verbose etag https://registry.npmjs.org/onoff from cache
76 verbose get saving onoff to C:\Users\Stijn\AppData\Roaming\npm-cache\registry.npmjs.org\onoff\.cache.json
77 verbose correctMkdir C:\Users\Stijn\AppData\Roaming\npm-cache correctMkdir not in flight; initializing
78 silly resolveWithNewModule onoff@1.1.2 checking installable status
79 silly cache add args [ 'onoff@~1.1.1', null ]
80 verbose cache add spec onoff@~1.1.1
81 silly cache add parsed spec Result {
81 silly cache add   raw: 'onoff@~1.1.1',
81 silly cache add   scope: null,
81 silly cache add   escapedName: 'onoff',
81 silly cache add   name: 'onoff',
81 silly cache add   rawSpec: '~1.1.1',
81 silly cache add   spec: '>=1.1.1 <1.2.0',
81 silly cache add   type: 'range' }
82 silly addNamed onoff@>=1.1.1 <1.2.0
83 verbose addNamed ">=1.1.1 <1.2.0" is a valid semver range for onoff
84 silly addNameRange { name: 'onoff', range: '>=1.1.1 <1.2.0', hasData: false }
85 silly mapToRegistry name onoff
86 silly mapToRegistry using default registry
87 silly mapToRegistry registry https://registry.npmjs.org/
88 silly mapToRegistry data Result {
88 silly mapToRegistry   raw: 'onoff',
88 silly mapToRegistry   scope: null,
88 silly mapToRegistry   escapedName: 'onoff',
88 silly mapToRegistry   name: 'onoff',
88 silly mapToRegistry   rawSpec: '',
88 silly mapToRegistry   spec: 'latest',
88 silly mapToRegistry   type: 'tag' }
89 silly mapToRegistry uri https://registry.npmjs.org/onoff
90 verbose addNameRange registry:https://registry.npmjs.org/onoff not in flight; fetching
91 verbose get https://registry.npmjs.org/onoff not expired, no request
92 silly addNameRange number 2 { name: 'onoff', range: '>=1.1.1 <1.2.0', hasData: true }
93 silly addNameRange versions [ 'onoff',
93 silly addNameRange   [ '0.0.1',
93 silly addNameRange     '0.1.0',
93 silly addNameRange     '0.1.2',
93 silly addNameRange     '0.1.3',
93 silly addNameRange     '0.1.4',
93 silly addNameRange     '0.1.5',
93 silly addNameRange     '0.1.6',
93 silly addNameRange     '0.1.7',
93 silly addNameRange     '0.2.0',
93 silly addNameRange     '0.2.1',
93 silly addNameRange     '0.2.2',
93 silly addNameRange     '0.2.3',
93 silly addNameRange     '0.3.0',
93 silly addNameRange     '0.3.1',
93 silly addNameRange     '0.3.2',
93 silly addNameRange     '1.0.0',
93 silly addNameRange     '1.0.1',
93 silly addNameRange     '1.0.2',
93 silly addNameRange     '1.0.3',
93 silly addNameRange     '1.0.4',
93 silly addNameRange     '1.1.0',
93 silly addNameRange     '1.1.1',
93 silly addNameRange     '1.1.2' ] ]
94 silly addNamed onoff@1.1.2
95 verbose addNamed "1.1.2" is a plain semver version for onoff
96 silly cache afterAdd onoff@1.1.2
97 verbose afterAdd C:\Users\Stijn\AppData\Roaming\npm-cache\onoff\1.1.2\package\package.json not in flight; writing
98 verbose correctMkdir C:\Users\Stijn\AppData\Roaming\npm-cache correctMkdir not in flight; initializing
99 verbose afterAdd C:\Users\Stijn\AppData\Roaming\npm-cache\onoff\1.1.2\package\package.json written
100 silly fetchNamedPackageData epoll
101 silly mapToRegistry name epoll
102 silly mapToRegistry using default registry
103 silly mapToRegistry registry https://registry.npmjs.org/
104 silly mapToRegistry data Result {
104 silly mapToRegistry   raw: 'epoll',
104 silly mapToRegistry   scope: null,
104 silly mapToRegistry   escapedName: 'epoll',
104 silly mapToRegistry   name: 'epoll',
104 silly mapToRegistry   rawSpec: '',
104 silly mapToRegistry   spec: 'latest',
104 silly mapToRegistry   type: 'tag' }
105 silly mapToRegistry uri https://registry.npmjs.org/epoll
106 verbose request uri https://registry.npmjs.org/epoll
107 verbose request no auth needed
108 info attempt registry request try #1 at 2:37:29 PM
109 verbose etag W/"58a0161c-a385"
110 verbose lastModified Sun, 12 Feb 2017 08:00:28 GMT
111 http request GET https://registry.npmjs.org/epoll
112 http 304 https://registry.npmjs.org/epoll
113 verbose headers { date: 'Sat, 29 Apr 2017 12:37:29 GMT',
113 verbose headers   via: '1.1 varnish',
113 verbose headers   'cache-control': 'max-age=300',
113 verbose headers   etag: 'W/"58a0161c-a385"',
113 verbose headers   age: '0',
113 verbose headers   connection: 'keep-alive',
113 verbose headers   'x-served-by': 'cache-ams4131-AMS',
113 verbose headers   'x-cache': 'MISS',
113 verbose headers   'x-cache-hits': '0',
113 verbose headers   'x-timer': 'S1493469450.529117,VS0,VE64',
113 verbose headers   vary: 'Accept-Encoding' }
114 silly get cb [ 304,
114 silly get   { date: 'Sat, 29 Apr 2017 12:37:29 GMT',
114 silly get     via: '1.1 varnish',
114 silly get     'cache-control': 'max-age=300',
114 silly get     etag: 'W/"58a0161c-a385"',
114 silly get     age: '0',
114 silly get     connection: 'keep-alive',
114 silly get     'x-served-by': 'cache-ams4131-AMS',
114 silly get     'x-cache': 'MISS',
114 silly get     'x-cache-hits': '0',
114 silly get     'x-timer': 'S1493469450.529117,VS0,VE64',
114 silly get     vary: 'Accept-Encoding' } ]
115 verbose etag https://registry.npmjs.org/epoll from cache
116 verbose get saving epoll to C:\Users\Stijn\AppData\Roaming\npm-cache\registry.npmjs.org\epoll\.cache.json
117 verbose correctMkdir C:\Users\Stijn\AppData\Roaming\npm-cache correctMkdir not in flight; initializing
118 silly resolveWithNewModule epoll@0.1.21 checking installable status
119 silly cache add args [ 'epoll@~0.1.21', null ]
120 verbose cache add spec epoll@~0.1.21
121 silly cache add parsed spec Result {
121 silly cache add   raw: 'epoll@~0.1.21',
121 silly cache add   scope: null,
121 silly cache add   escapedName: 'epoll',
121 silly cache add   name: 'epoll',
121 silly cache add   rawSpec: '~0.1.21',
121 silly cache add   spec: '>=0.1.21 <0.2.0',
121 silly cache add   type: 'range' }
122 silly addNamed epoll@>=0.1.21 <0.2.0
123 verbose addNamed ">=0.1.21 <0.2.0" is a valid semver range for epoll
124 silly addNameRange { name: 'epoll', range: '>=0.1.21 <0.2.0', hasData: false }
125 silly mapToRegistry name epoll
126 silly mapToRegistry using default registry
127 silly mapToRegistry registry https://registry.npmjs.org/
128 silly mapToRegistry data Result {
128 silly mapToRegistry   raw: 'epoll',
128 silly mapToRegistry   scope: null,
128 silly mapToRegistry   escapedName: 'epoll',
128 silly mapToRegistry   name: 'epoll',
128 silly mapToRegistry   rawSpec: '',
128 silly mapToRegistry   spec: 'latest',
128 silly mapToRegistry   type: 'tag' }
129 silly mapToRegistry uri https://registry.npmjs.org/epoll
130 verbose addNameRange registry:https://registry.npmjs.org/epoll not in flight; fetching
131 verbose get https://registry.npmjs.org/epoll not expired, no request
132 silly addNameRange number 2 { name: 'epoll', range: '>=0.1.21 <0.2.0', hasData: true }
133 silly addNameRange versions [ 'epoll',
133 silly addNameRange   [ '0.0.1',
133 silly addNameRange     '0.0.2',
133 silly addNameRange     '0.0.3',
133 silly addNameRange     '0.0.4',
133 silly addNameRange     '0.0.5',
133 silly addNameRange     '0.0.6',
133 silly addNameRange     '0.0.7',
133 silly addNameRange     '0.0.8',
133 silly addNameRange     '0.1.0',
133 silly addNameRange     '0.1.1',
133 silly addNameRange     '0.1.2',
133 silly addNameRange     '0.1.3',
133 silly addNameRange     '0.1.4',
133 silly addNameRange     '0.1.5',
133 silly addNameRange     '0.1.7',
133 silly addNameRange     '0.1.8',
133 silly addNameRange     '0.1.9',
133 silly addNameRange     '0.1.10',
133 silly addNameRange     '0.1.11',
133 silly addNameRange     '0.1.12',
133 silly addNameRange     '0.1.13',
133 silly addNameRange     '0.1.14',
133 silly addNameRange     '0.1.15',
133 silly addNameRange     '0.1.16',
133 silly addNameRange     '0.1.17',
133 silly addNameRange     '0.1.18',
133 silly addNameRange     '0.1.19',
133 silly addNameRange     '0.1.20',
133 silly addNameRange     '0.1.21' ] ]
134 silly addNamed epoll@0.1.21
135 verbose addNamed "0.1.21" is a plain semver version for epoll
136 silly cache afterAdd epoll@0.1.21
137 verbose afterAdd C:\Users\Stijn\AppData\Roaming\npm-cache\epoll\0.1.21\package\package.json not in flight; writing
138 verbose correctMkdir C:\Users\Stijn\AppData\Roaming\npm-cache correctMkdir not in flight; initializing
139 verbose afterAdd C:\Users\Stijn\AppData\Roaming\npm-cache\epoll\0.1.21\package\package.json written
140 silly fetchNamedPackageData bindings
141 silly mapToRegistry name bindings
142 silly mapToRegistry using default registry
143 silly mapToRegistry registry https://registry.npmjs.org/
144 silly mapToRegistry data Result {
144 silly mapToRegistry   raw: 'bindings',
144 silly mapToRegistry   scope: null,
144 silly mapToRegistry   escapedName: 'bindings',
144 silly mapToRegistry   name: 'bindings',
144 silly mapToRegistry   rawSpec: '',
144 silly mapToRegistry   spec: 'latest',
144 silly mapToRegistry   type: 'tag' }
145 silly mapToRegistry uri https://registry.npmjs.org/bindings
146 silly fetchNamedPackageData nan
147 silly mapToRegistry name nan
148 silly mapToRegistry using default registry
149 silly mapToRegistry registry https://registry.npmjs.org/
150 silly mapToRegistry data Result {
150 silly mapToRegistry   raw: 'nan',
150 silly mapToRegistry   scope: null,
150 silly mapToRegistry   escapedName: 'nan',
150 silly mapToRegistry   name: 'nan',
150 silly mapToRegistry   rawSpec: '',
150 silly mapToRegistry   spec: 'latest',
150 silly mapToRegistry   type: 'tag' }
151 silly mapToRegistry uri https://registry.npmjs.org/nan
152 verbose request uri https://registry.npmjs.org/bindings
153 verbose request no auth needed
154 info attempt registry request try #1 at 2:37:29 PM
155 verbose etag W/"580645d3-46f7"
156 verbose lastModified Tue, 18 Oct 2016 15:54:59 GMT
157 http request GET https://registry.npmjs.org/bindings
158 verbose request uri https://registry.npmjs.org/nan
159 verbose request no auth needed
160 info attempt registry request try #1 at 2:37:29 PM
161 verbose etag W/"58ee904e-1f9bf"
162 verbose lastModified Wed, 12 Apr 2017 20:38:38 GMT
163 http request GET https://registry.npmjs.org/nan
164 http 304 https://registry.npmjs.org/bindings
165 verbose headers { date: 'Sat, 29 Apr 2017 12:37:29 GMT',
165 verbose headers   via: '1.1 varnish',
165 verbose headers   'cache-control': 'max-age=300',
165 verbose headers   etag: 'W/"580645d3-46f7"',
165 verbose headers   age: '28',
165 verbose headers   connection: 'keep-alive',
165 verbose headers   'x-served-by': 'cache-ams4131-AMS',
165 verbose headers   'x-cache': 'HIT',
165 verbose headers   'x-cache-hits': '1',
165 verbose headers   'x-timer': 'S1493469450.675326,VS0,VE0',
165 verbose headers   vary: 'Accept-Encoding' }
166 silly get cb [ 304,
166 silly get   { date: 'Sat, 29 Apr 2017 12:37:29 GMT',
166 silly get     via: '1.1 varnish',
166 silly get     'cache-control': 'max-age=300',
166 silly get     etag: 'W/"580645d3-46f7"',
166 silly get     age: '28',
166 silly get     connection: 'keep-alive',
166 silly get     'x-served-by': 'cache-ams4131-AMS',
166 silly get     'x-cache': 'HIT',
166 silly get     'x-cache-hits': '1',
166 silly get     'x-timer': 'S1493469450.675326,VS0,VE0',
166 silly get     vary: 'Accept-Encoding' } ]
167 verbose etag https://registry.npmjs.org/bindings from cache
168 verbose get saving bindings to C:\Users\Stijn\AppData\Roaming\npm-cache\registry.npmjs.org\bindings\.cache.json
169 verbose correctMkdir C:\Users\Stijn\AppData\Roaming\npm-cache correctMkdir not in flight; initializing
170 silly resolveWithNewModule bindings@1.2.1 checking installable status
171 silly cache add args [ 'bindings@~1.2.1', null ]
172 verbose cache add spec bindings@~1.2.1
173 silly cache add parsed spec Result {
173 silly cache add   raw: 'bindings@~1.2.1',
173 silly cache add   scope: null,
173 silly cache add   escapedName: 'bindings',
173 silly cache add   name: 'bindings',
173 silly cache add   rawSpec: '~1.2.1',
173 silly cache add   spec: '>=1.2.1 <1.3.0',
173 silly cache add   type: 'range' }
174 silly addNamed bindings@>=1.2.1 <1.3.0
175 verbose addNamed ">=1.2.1 <1.3.0" is a valid semver range for bindings
176 silly addNameRange { name: 'bindings', range: '>=1.2.1 <1.3.0', hasData: false }
177 silly mapToRegistry name bindings
178 silly mapToRegistry using default registry
179 silly mapToRegistry registry https://registry.npmjs.org/
180 silly mapToRegistry data Result {
180 silly mapToRegistry   raw: 'bindings',
180 silly mapToRegistry   scope: null,
180 silly mapToRegistry   escapedName: 'bindings',
180 silly mapToRegistry   name: 'bindings',
180 silly mapToRegistry   rawSpec: '',
180 silly mapToRegistry   spec: 'latest',
180 silly mapToRegistry   type: 'tag' }
181 silly mapToRegistry uri https://registry.npmjs.org/bindings
182 verbose addNameRange registry:https://registry.npmjs.org/bindings not in flight; fetching
183 verbose get https://registry.npmjs.org/bindings not expired, no request
184 silly addNameRange number 2 { name: 'bindings', range: '>=1.2.1 <1.3.0', hasData: true }
185 silly addNameRange versions [ 'bindings',
185 silly addNameRange   [ '0.0.1',
185 silly addNameRange     '0.1.0',
185 silly addNameRange     '0.1.1',
185 silly addNameRange     '0.2.0',
185 silly addNameRange     '0.2.1',
185 silly addNameRange     '0.2.2',
185 silly addNameRange     '0.2.3',
185 silly addNameRange     '0.2.4',
185 silly addNameRange     '0.3.0',
185 silly addNameRange     '0.4.0',
185 silly addNameRange     '1.0.0',
185 silly addNameRange     '1.1.0',
185 silly addNameRange     '1.1.1',
185 silly addNameRange     '1.2.0',
185 silly addNameRange     '1.2.1' ] ]
186 silly addNamed bindings@1.2.1
187 verbose addNamed "1.2.1" is a plain semver version for bindings
188 silly cache afterAdd bindings@1.2.1
189 verbose afterAdd C:\Users\Stijn\AppData\Roaming\npm-cache\bindings\1.2.1\package\package.json not in flight; writing
190 verbose correctMkdir C:\Users\Stijn\AppData\Roaming\npm-cache correctMkdir not in flight; initializing
191 verbose afterAdd C:\Users\Stijn\AppData\Roaming\npm-cache\bindings\1.2.1\package\package.json written
192 http 304 https://registry.npmjs.org/nan
193 verbose headers { date: 'Sat, 29 Apr 2017 12:37:29 GMT',
193 verbose headers   via: '1.1 varnish',
193 verbose headers   'cache-control': 'max-age=300',
193 verbose headers   etag: 'W/"58ee904e-1f9bf"',
193 verbose headers   age: '264',
193 verbose headers   connection: 'keep-alive',
193 verbose headers   'x-served-by': 'cache-ams4422-AMS',
193 verbose headers   'x-cache': 'HIT',
193 verbose headers   'x-cache-hits': '1',
193 verbose headers   'x-timer': 'S1493469450.738386,VS0,VE1',
193 verbose headers   vary: 'Accept-Encoding' }
194 silly get cb [ 304,
194 silly get   { date: 'Sat, 29 Apr 2017 12:37:29 GMT',
194 silly get     via: '1.1 varnish',
194 silly get     'cache-control': 'max-age=300',
194 silly get     etag: 'W/"58ee904e-1f9bf"',
194 silly get     age: '264',
194 silly get     connection: 'keep-alive',
194 silly get     'x-served-by': 'cache-ams4422-AMS',
194 silly get     'x-cache': 'HIT',
194 silly get     'x-cache-hits': '1',
194 silly get     'x-timer': 'S1493469450.738386,VS0,VE1',
194 silly get     vary: 'Accept-Encoding' } ]
195 verbose etag https://registry.npmjs.org/nan from cache
196 verbose get saving nan to C:\Users\Stijn\AppData\Roaming\npm-cache\registry.npmjs.org\nan\.cache.json
197 verbose correctMkdir C:\Users\Stijn\AppData\Roaming\npm-cache correctMkdir not in flight; initializing
198 silly resolveWithNewModule nan@2.5.1 checking installable status
199 silly cache add args [ 'nan@~2.5.1', null ]
200 verbose cache add spec nan@~2.5.1
201 silly cache add parsed spec Result {
201 silly cache add   raw: 'nan@~2.5.1',
201 silly cache add   scope: null,
201 silly cache add   escapedName: 'nan',
201 silly cache add   name: 'nan',
201 silly cache add   rawSpec: '~2.5.1',
201 silly cache add   spec: '>=2.5.1 <2.6.0',
201 silly cache add   type: 'range' }
202 silly addNamed nan@>=2.5.1 <2.6.0
203 verbose addNamed ">=2.5.1 <2.6.0" is a valid semver range for nan
204 silly addNameRange { name: 'nan', range: '>=2.5.1 <2.6.0', hasData: false }
205 silly mapToRegistry name nan
206 silly mapToRegistry using default registry
207 silly mapToRegistry registry https://registry.npmjs.org/
208 silly mapToRegistry data Result {
208 silly mapToRegistry   raw: 'nan',
208 silly mapToRegistry   scope: null,
208 silly mapToRegistry   escapedName: 'nan',
208 silly mapToRegistry   name: 'nan',
208 silly mapToRegistry   rawSpec: '',
208 silly mapToRegistry   spec: 'latest',
208 silly mapToRegistry   type: 'tag' }
209 silly mapToRegistry uri https://registry.npmjs.org/nan
210 verbose addNameRange registry:https://registry.npmjs.org/nan not in flight; fetching
211 verbose get https://registry.npmjs.org/nan not expired, no request
212 silly addNameRange number 2 { name: 'nan', range: '>=2.5.1 <2.6.0', hasData: true }
213 silly addNameRange versions [ 'nan',
213 silly addNameRange   [ '0.3.0-wip',
213 silly addNameRange     '0.3.0-wip2',
213 silly addNameRange     '0.3.0',
213 silly addNameRange     '0.3.1',
213 silly addNameRange     '0.3.2',
213 silly addNameRange     '0.4.0',
213 silly addNameRange     '0.4.1',
213 silly addNameRange     '0.4.2',
213 silly addNameRange     '0.4.3',
213 silly addNameRange     '0.4.4',
213 silly addNameRange     '0.5.0',
213 silly addNameRange     '0.5.1',
213 silly addNameRange     '0.5.2',
213 silly addNameRange     '0.6.0',
213 silly addNameRange     '0.7.0',
213 silly addNameRange     '0.7.1',
213 silly addNameRange     '0.8.0',
213 silly addNameRange     '1.0.0',
213 silly addNameRange     '1.1.0',
213 silly addNameRange     '1.1.1',
213 silly addNameRange     '1.1.2',
213 silly addNameRange     '1.2.0',
213 silly addNameRange     '1.3.0',
213 silly addNameRange     '1.4.0',
213 silly addNameRange     '1.4.1',
213 silly addNameRange     '1.5.0',
213 silly addNameRange     '1.4.2',
213 silly addNameRange     '1.4.3',
213 silly addNameRange     '1.5.1',
213 silly addNameRange     '1.5.2',
213 silly addNameRange     '1.6.0',
213 silly addNameRange     '1.5.3',
213 silly addNameRange     '1.6.1',
213 silly addNameRange     '1.6.2',
213 silly addNameRange     '1.7.0',
213 silly addNameRange     '1.8.0',
213 silly addNameRange     '1.8.1',
213 silly addNameRange     '1.8.2',
213 silly addNameRange     '1.8.3',
213 silly addNameRange     '1.8.4',
213 silly addNameRange     '1.9.0',
213 silly addNameRange     '2.0.0',
213 silly addNameRange     '2.0.1',
213 silly addNameRange     '2.0.2',
213 silly addNameRange     '2.0.3',
213 silly addNameRange     '2.0.4',
213 silly addNameRange     '2.0.5',
213 silly addNameRange     '2.0.6',
213 silly addNameRange     '2.0.7',
213 silly addNameRange     '2.0.8',
213 silly addNameRange     '2.0.9',
213 silly addNameRange     '2.1.0',
213 silly addNameRange     '2.2.0',
213 silly addNameRange     '2.2.1',
213 silly addNameRange     '2.3.0',
213 silly addNameRange     '2.3.1',
213 silly addNameRange     '2.3.2',
213 silly addNameRange     '2.3.3',
213 silly addNameRange     '2.3.4',
213 silly addNameRange     '2.3.5',
213 silly addNameRange     '2.4.0',
213 silly addNameRange     '2.5.0',
213 silly addNameRange     '2.5.1',
213 silly addNameRange     '2.6.0',
213 silly addNameRange     '2.6.1',
213 silly addNameRange     '2.6.2' ] ]
214 silly addNamed nan@2.5.1
215 verbose addNamed "2.5.1" is a plain semver version for nan
216 silly cache afterAdd nan@2.5.1
217 verbose afterAdd C:\Users\Stijn\AppData\Roaming\npm-cache\nan\2.5.1\package\package.json not in flight; writing
218 verbose correctMkdir C:\Users\Stijn\AppData\Roaming\npm-cache correctMkdir not in flight; initializing
219 verbose afterAdd C:\Users\Stijn\AppData\Roaming\npm-cache\nan\2.5.1\package\package.json written
220 silly loadAllDepsIntoIdealTree Finishing
221 silly loadIdealTree Finishing
222 silly currentTree raspicam@1.0.0
222 silly currentTree +-- accepts@1.3.3
222 silly currentTree +-- after@0.8.2
222 silly currentTree +-- ajv@4.11.7
222 silly currentTree +-- array-flatten@1.1.1
222 silly currentTree +-- arraybuffer.slice@0.0.6
222 silly currentTree +-- asn1@0.2.3
222 silly currentTree +-- assert-plus@0.2.0
222 silly currentTree +-- asynckit@0.4.0
222 silly currentTree +-- aws-sign2@0.6.0
222 silly currentTree +-- aws4@1.6.0
222 silly currentTree +-- backo2@1.0.2
222 silly currentTree +-- base64-arraybuffer@0.1.5
222 silly currentTree +-- base64id@1.0.0
222 silly currentTree +-- bcrypt-pbkdf@1.0.1
222 silly currentTree +-- better-assert@1.0.2
222 silly currentTree +-- blob@0.0.4
222 silly currentTree +-- boom@2.10.1
222 silly currentTree +-- callsite@1.0.0
222 silly currentTree +-- caseless@0.12.0
222 silly currentTree +-- co@4.6.0
222 silly currentTree +-- combined-stream@1.0.5
222 silly currentTree +-- component-bind@1.0.0
222 silly currentTree +-- component-emitter@1.1.2
222 silly currentTree +-- component-inherit@0.0.3
222 silly currentTree +-- content-disposition@0.5.2
222 silly currentTree +-- content-type@1.0.2
222 silly currentTree +-- cookie-signature@1.0.6
222 silly currentTree +-- cookie@0.3.1
222 silly currentTree +-- cryptiles@2.0.5
222 silly currentTree +-- dashdash@1.14.1
222 silly currentTree | `-- assert-plus@1.0.0
222 silly currentTree +-- debug@2.6.1
222 silly currentTree +-- delayed-stream@1.0.0
222 silly currentTree +-- depd@1.1.0
222 silly currentTree +-- destroy@1.0.4
222 silly currentTree +-- ecc-jsbn@0.1.1
222 silly currentTree +-- ee-first@1.1.1
222 silly currentTree +-- encodeurl@1.0.1
222 silly currentTree +-- engine.io-client@1.8.3
222 silly currentTree | +-- component-emitter@1.2.1
222 silly currentTree | `-- debug@2.3.3
222 silly currentTree +-- engine.io-parser@1.3.2
222 silly currentTree +-- engine.io@1.8.3
222 silly currentTree | `-- debug@2.3.3
222 silly currentTree +-- escape-html@1.0.3
222 silly currentTree +-- etag@1.8.0
222 silly currentTree +-- express@4.15.2
222 silly currentTree +-- extend@3.0.0
222 silly currentTree +-- extsprintf@1.0.2
222 silly currentTree +-- finalhandler@1.0.1
222 silly currentTree | `-- debug@2.6.3
222 silly currentTree +-- forever-agent@0.6.1
222 silly currentTree +-- form-data@2.1.4
222 silly currentTree +-- forwarded@0.1.0
222 silly currentTree +-- fresh@0.5.0
222 silly currentTree +-- getpass@0.1.6
222 silly currentTree | `-- assert-plus@1.0.0
222 silly currentTree +-- gpio@0.2.7
222 silly currentTree +-- har-schema@1.0.5
222 silly currentTree +-- har-validator@4.2.1
222 silly currentTree +-- has-binary@0.1.7
222 silly currentTree +-- has-cors@1.1.0
222 silly currentTree +-- hawk@3.1.3
222 silly currentTree +-- hoek@2.16.3
222 silly currentTree +-- http-errors@1.6.1
222 silly currentTree +-- http-signature@1.1.1
222 silly currentTree +-- indexof@0.0.1
222 silly currentTree +-- inherits@2.0.3
222 silly currentTree +-- ipaddr.js@1.3.0
222 silly currentTree +-- is-typedarray@1.0.0
222 silly currentTree +-- isarray@0.0.1
222 silly currentTree +-- isstream@0.1.2
222 silly currentTree +-- jodid25519@1.0.2
222 silly currentTree +-- jsbn@0.1.1
222 silly currentTree +-- json-schema@0.2.3
222 silly currentTree +-- json-stable-stringify@1.0.1
222 silly currentTree +-- json-stringify-safe@5.0.1
222 silly currentTree +-- json3@3.3.2
222 silly currentTree +-- jsonify@0.0.0
222 silly currentTree +-- jsprim@1.4.0
222 silly currentTree | `-- assert-plus@1.0.0
222 silly currentTree +-- media-typer@0.3.0
222 silly currentTree +-- merge-descriptors@1.0.1
222 silly currentTree +-- methods@1.1.2
222 silly currentTree +-- mime-db@1.27.0
222 silly currentTree +-- mime-types@2.1.15
222 silly currentTree +-- mime@1.3.4
222 silly currentTree +-- ms@0.7.2
222 silly currentTree +-- negotiator@0.6.1
222 silly currentTree +-- oauth-sign@0.8.2
222 silly currentTree +-- object-assign@4.1.0
222 silly currentTree +-- object-component@0.0.3
222 silly currentTree +-- on-finished@2.3.0
222 silly currentTree +-- options@0.0.6
222 silly currentTree +-- parsejson@0.0.3
222 silly currentTree +-- parseqs@0.0.5
222 silly currentTree +-- parseuri@0.0.5
222 silly currentTree +-- parseurl@1.3.1
222 silly currentTree +-- path-to-regexp@0.1.7
222 silly currentTree +-- performance-now@0.2.0
222 silly currentTree +-- proxy-addr@1.1.4
222 silly currentTree +-- punycode@1.4.1
222 silly currentTree +-- q@1.4.1
222 silly currentTree +-- qs@6.4.0
222 silly currentTree +-- range-parser@1.2.0
222 silly currentTree +-- request@2.81.0
222 silly currentTree +-- safe-buffer@5.0.1
222 silly currentTree +-- send@0.15.1
222 silly currentTree +-- serve-static@1.12.1
222 silly currentTree +-- setprototypeof@1.0.3
222 silly currentTree +-- sntp@1.0.9
222 silly currentTree +-- socket.io-adapter@0.5.0
222 silly currentTree | `-- debug@2.3.3
222 silly currentTree +-- socket.io-client@1.7.3
222 silly currentTree | +-- component-emitter@1.2.1
222 silly currentTree | `-- debug@2.3.3
222 silly currentTree +-- socket.io-parser@2.3.1
222 silly currentTree | +-- debug@2.2.0
222 silly currentTree | `-- ms@0.7.1
222 silly currentTree +-- socket.io@1.7.3
222 silly currentTree | `-- debug@2.3.3
222 silly currentTree +-- sshpk@1.13.0
222 silly currentTree | `-- assert-plus@1.0.0
222 silly currentTree +-- statuses@1.3.1
222 silly currentTree +-- stringstream@0.0.5
222 silly currentTree +-- to-array@0.1.4
222 silly currentTree +-- tough-cookie@2.3.2
222 silly currentTree +-- tunnel-agent@0.6.0
222 silly currentTree +-- tweetnacl@0.14.5
222 silly currentTree +-- type-is@1.6.15
222 silly currentTree +-- ultron@1.0.2
222 silly currentTree +-- unpipe@1.0.0
222 silly currentTree +-- utils-merge@1.0.0
222 silly currentTree +-- uuid@3.0.1
222 silly currentTree +-- vary@1.1.1
222 silly currentTree +-- verror@1.3.6
222 silly currentTree +-- ws@1.1.2
222 silly currentTree +-- wtf-8@1.0.0
222 silly currentTree +-- xmlhttprequest-ssl@1.5.3
222 silly currentTree `-- yeast@0.1.2
223 silly idealTree raspicam@1.0.0
223 silly idealTree +-- accepts@1.3.3
223 silly idealTree +-- after@0.8.2
223 silly idealTree +-- ajv@4.11.7
223 silly idealTree +-- array-flatten@1.1.1
223 silly idealTree +-- arraybuffer.slice@0.0.6
223 silly idealTree +-- asn1@0.2.3
223 silly idealTree +-- assert-plus@0.2.0
223 silly idealTree +-- asynckit@0.4.0
223 silly idealTree +-- aws-sign2@0.6.0
223 silly idealTree +-- aws4@1.6.0
223 silly idealTree +-- backo2@1.0.2
223 silly idealTree +-- base64-arraybuffer@0.1.5
223 silly idealTree +-- base64id@1.0.0
223 silly idealTree +-- bcrypt-pbkdf@1.0.1
223 silly idealTree +-- better-assert@1.0.2
223 silly idealTree +-- bindings@1.2.1
223 silly idealTree +-- blob@0.0.4
223 silly idealTree +-- boom@2.10.1
223 silly idealTree +-- callsite@1.0.0
223 silly idealTree +-- caseless@0.12.0
223 silly idealTree +-- co@4.6.0
223 silly idealTree +-- combined-stream@1.0.5
223 silly idealTree +-- component-bind@1.0.0
223 silly idealTree +-- component-emitter@1.1.2
223 silly idealTree +-- component-inherit@0.0.3
223 silly idealTree +-- content-disposition@0.5.2
223 silly idealTree +-- content-type@1.0.2
223 silly idealTree +-- cookie-signature@1.0.6
223 silly idealTree +-- cookie@0.3.1
223 silly idealTree +-- cryptiles@2.0.5
223 silly idealTree +-- dashdash@1.14.1
223 silly idealTree | `-- assert-plus@1.0.0
223 silly idealTree +-- debug@2.6.1
223 silly idealTree +-- delayed-stream@1.0.0
223 silly idealTree +-- depd@1.1.0
223 silly idealTree +-- destroy@1.0.4
223 silly idealTree +-- ecc-jsbn@0.1.1
223 silly idealTree +-- ee-first@1.1.1
223 silly idealTree +-- encodeurl@1.0.1
223 silly idealTree +-- engine.io-client@1.8.3
223 silly idealTree | +-- component-emitter@1.2.1
223 silly idealTree | `-- debug@2.3.3
223 silly idealTree +-- engine.io-parser@1.3.2
223 silly idealTree +-- engine.io@1.8.3
223 silly idealTree | `-- debug@2.3.3
223 silly idealTree +-- epoll@0.1.21
223 silly idealTree +-- escape-html@1.0.3
223 silly idealTree +-- etag@1.8.0
223 silly idealTree +-- express@4.15.2
223 silly idealTree +-- extend@3.0.0
223 silly idealTree +-- extsprintf@1.0.2
223 silly idealTree +-- finalhandler@1.0.1
223 silly idealTree | `-- debug@2.6.3
223 silly idealTree +-- forever-agent@0.6.1
223 silly idealTree +-- form-data@2.1.4
223 silly idealTree +-- forwarded@0.1.0
223 silly idealTree +-- fresh@0.5.0
223 silly idealTree +-- getpass@0.1.6
223 silly idealTree | `-- assert-plus@1.0.0
223 silly idealTree +-- gpio@0.2.7
223 silly idealTree +-- har-schema@1.0.5
223 silly idealTree +-- har-validator@4.2.1
223 silly idealTree +-- has-binary@0.1.7
223 silly idealTree +-- has-cors@1.1.0
223 silly idealTree +-- hawk@3.1.3
223 silly idealTree +-- hoek@2.16.3
223 silly idealTree +-- http-errors@1.6.1
223 silly idealTree +-- http-signature@1.1.1
223 silly idealTree +-- indexof@0.0.1
223 silly idealTree +-- inherits@2.0.3
223 silly idealTree +-- ipaddr.js@1.3.0
223 silly idealTree +-- is-typedarray@1.0.0
223 silly idealTree +-- isarray@0.0.1
223 silly idealTree +-- isstream@0.1.2
223 silly idealTree +-- jodid25519@1.0.2
223 silly idealTree +-- jsbn@0.1.1
223 silly idealTree +-- json-schema@0.2.3
223 silly idealTree +-- json-stable-stringify@1.0.1
223 silly idealTree +-- json-stringify-safe@5.0.1
223 silly idealTree +-- json3@3.3.2
223 silly idealTree +-- jsonify@0.0.0
223 silly idealTree +-- jsprim@1.4.0
223 silly idealTree | `-- assert-plus@1.0.0
223 silly idealTree +-- lcd@1.1.4
223 silly idealTree +-- media-typer@0.3.0
223 silly idealTree +-- merge-descriptors@1.0.1
223 silly idealTree +-- methods@1.1.2
223 silly idealTree +-- mime-db@1.27.0
223 silly idealTree +-- mime-types@2.1.15
223 silly idealTree +-- mime@1.3.4
223 silly idealTree +-- ms@0.7.2
223 silly idealTree +-- nan@2.5.1
223 silly idealTree +-- negotiator@0.6.1
223 silly idealTree +-- oauth-sign@0.8.2
223 silly idealTree +-- object-assign@4.1.0
223 silly idealTree +-- object-component@0.0.3
223 silly idealTree +-- on-finished@2.3.0
223 silly idealTree +-- onoff@1.1.2
223 silly idealTree +-- options@0.0.6
223 silly idealTree +-- parsejson@0.0.3
223 silly idealTree +-- parseqs@0.0.5
223 silly idealTree +-- parseuri@0.0.5
223 silly idealTree +-- parseurl@1.3.1
223 silly idealTree +-- path-to-regexp@0.1.7
223 silly idealTree +-- performance-now@0.2.0
223 silly idealTree +-- proxy-addr@1.1.4
223 silly idealTree +-- punycode@1.4.1
223 silly idealTree +-- q@1.4.1
223 silly idealTree +-- qs@6.4.0
223 silly idealTree +-- range-parser@1.2.0
223 silly idealTree +-- request@2.81.0
223 silly idealTree +-- safe-buffer@5.0.1
223 silly idealTree +-- send@0.15.1
223 silly idealTree +-- serve-static@1.12.1
223 silly idealTree +-- setprototypeof@1.0.3
223 silly idealTree +-- sntp@1.0.9
223 silly idealTree +-- socket.io-adapter@0.5.0
223 silly idealTree | `-- debug@2.3.3
223 silly idealTree +-- socket.io-client@1.7.3
223 silly idealTree | +-- component-emitter@1.2.1
223 silly idealTree | `-- debug@2.3.3
223 silly idealTree +-- socket.io-parser@2.3.1
223 silly idealTree | +-- debug@2.2.0
223 silly idealTree | `-- ms@0.7.1
223 silly idealTree +-- socket.io@1.7.3
223 silly idealTree | `-- debug@2.3.3
223 silly idealTree +-- sshpk@1.13.0
223 silly idealTree | `-- assert-plus@1.0.0
223 silly idealTree +-- statuses@1.3.1
223 silly idealTree +-- stringstream@0.0.5
223 silly idealTree +-- to-array@0.1.4
223 silly idealTree +-- tough-cookie@2.3.2
223 silly idealTree +-- tunnel-agent@0.6.0
223 silly idealTree +-- tweetnacl@0.14.5
223 silly idealTree +-- type-is@1.6.15
223 silly idealTree +-- ultron@1.0.2
223 silly idealTree +-- unpipe@1.0.0
223 silly idealTree +-- utils-merge@1.0.0
223 silly idealTree +-- uuid@3.0.1
223 silly idealTree +-- vary@1.1.1
223 silly idealTree +-- verror@1.3.6
223 silly idealTree +-- ws@1.1.2
223 silly idealTree +-- wtf-8@1.0.0
223 silly idealTree +-- xmlhttprequest-ssl@1.5.3
223 silly idealTree `-- yeast@0.1.2
224 silly generateActionsToTake Starting
225 silly install generateActionsToTake
226 silly generateActionsToTake Finishing
227 silly diffTrees action count 5
228 silly diffTrees add bindings@1.2.1
229 silly diffTrees add nan@2.5.1
230 silly diffTrees add epoll@0.1.21
231 silly diffTrees add onoff@1.1.2
232 silly diffTrees add lcd@1.1.4
233 silly decomposeActions action count 40
234 silly decomposeActions fetch bindings@1.2.1
235 silly decomposeActions extract bindings@1.2.1
236 silly decomposeActions test bindings@1.2.1
237 silly decomposeActions preinstall bindings@1.2.1
238 silly decomposeActions build bindings@1.2.1
239 silly decomposeActions install bindings@1.2.1
240 silly decomposeActions postinstall bindings@1.2.1
241 silly decomposeActions finalize bindings@1.2.1
242 silly decomposeActions fetch nan@2.5.1
243 silly decomposeActions extract nan@2.5.1
244 silly decomposeActions test nan@2.5.1
245 silly decomposeActions preinstall nan@2.5.1
246 silly decomposeActions build nan@2.5.1
247 silly decomposeActions install nan@2.5.1
248 silly decomposeActions postinstall nan@2.5.1
249 silly decomposeActions finalize nan@2.5.1
250 silly decomposeActions fetch epoll@0.1.21
251 silly decomposeActions extract epoll@0.1.21
252 silly decomposeActions test epoll@0.1.21
253 silly decomposeActions preinstall epoll@0.1.21
254 silly decomposeActions build epoll@0.1.21
255 silly decomposeActions install epoll@0.1.21
256 silly decomposeActions postinstall epoll@0.1.21
257 silly decomposeActions finalize epoll@0.1.21
258 silly decomposeActions fetch onoff@1.1.2
259 silly decomposeActions extract onoff@1.1.2
260 silly decomposeActions test onoff@1.1.2
261 silly decomposeActions preinstall onoff@1.1.2
262 silly decomposeActions build onoff@1.1.2
263 silly decomposeActions install onoff@1.1.2
264 silly decomposeActions postinstall onoff@1.1.2
265 silly decomposeActions finalize onoff@1.1.2
266 silly decomposeActions fetch lcd@1.1.4
267 silly decomposeActions extract lcd@1.1.4
268 silly decomposeActions test lcd@1.1.4
269 silly decomposeActions preinstall lcd@1.1.4
270 silly decomposeActions build lcd@1.1.4
271 silly decomposeActions install lcd@1.1.4
272 silly decomposeActions postinstall lcd@1.1.4
273 silly decomposeActions finalize lcd@1.1.4
274 silly runTopLevelLifecycles Starting
275 silly install runPreinstallTopLevelLifecycles
276 silly preinstall raspicam@1.0.0 C:\Users\Stijn\Desktop\2NMCT\SEM 2\Datacommunicatie\Project\raspicam\raspicam-f0434a1b
277 info lifecycle raspicam@1.0.0~preinstall: raspicam@1.0.0
278 silly lifecycle raspicam@1.0.0~preinstall: no script for preinstall, continuing
279 silly executeActions Starting
280 silly install executeActions
281 silly doSerial global-install 0
282 silly doParallel fetch 5
283 verbose correctMkdir C:\Users\Stijn\AppData\Roaming\npm-cache\_locks correctMkdir not in flight; initializing
284 verbose lock using C:\Users\Stijn\AppData\Roaming\npm-cache\_locks\staging-6a48009f10295141.lock for C:\Users\Stijn\Desktop\2NMCT\SEM 2\Datacommunicatie\Project\raspicam\node_modules\.staging
285 silly doParallel extract 5
286 silly extract bindings@1.2.1
287 silly extract nan@2.5.1
288 silly extract epoll@0.1.21
289 silly extract onoff@1.1.2
290 silly extract lcd@1.1.4
291 verbose unbuild node_modules\.staging\bindings-a389d87d
292 verbose unbuild node_modules\.staging\nan-274c2993
293 verbose unbuild node_modules\.staging\epoll-a9d5ca21
294 verbose unbuild node_modules\.staging\onoff-aebbb5fd
295 verbose unbuild node_modules\.staging\lcd-aef2752e
296 silly gentlyRm C:\Users\Stijn\Desktop\2NMCT\SEM 2\Datacommunicatie\Project\raspicam\node_modules\.staging\bindings-a389d87d is being purged from base C:\Users\Stijn\Desktop\2NMCT\SEM 2\Datacommunicatie\Project\raspicam
297 verbose gentlyRm don't care about contents; nuking C:\Users\Stijn\Desktop\2NMCT\SEM 2\Datacommunicatie\Project\raspicam\node_modules\.staging\bindings-a389d87d
298 silly gentlyRm C:\Users\Stijn\Desktop\2NMCT\SEM 2\Datacommunicatie\Project\raspicam\node_modules\.staging\nan-274c2993 is being purged from base C:\Users\Stijn\Desktop\2NMCT\SEM 2\Datacommunicatie\Project\raspicam
299 verbose gentlyRm don't care about contents; nuking C:\Users\Stijn\Desktop\2NMCT\SEM 2\Datacommunicatie\Project\raspicam\node_modules\.staging\nan-274c2993
300 silly gentlyRm C:\Users\Stijn\Desktop\2NMCT\SEM 2\Datacommunicatie\Project\raspicam\node_modules\.staging\epoll-a9d5ca21 is being purged from base C:\Users\Stijn\Desktop\2NMCT\SEM 2\Datacommunicatie\Project\raspicam
301 verbose gentlyRm don't care about contents; nuking C:\Users\Stijn\Desktop\2NMCT\SEM 2\Datacommunicatie\Project\raspicam\node_modules\.staging\epoll-a9d5ca21
302 verbose tar unpack C:\Users\Stijn\AppData\Roaming\npm-cache\bindings\1.2.1\package.tgz
303 verbose tar unpacking to C:\Users\Stijn\Desktop\2NMCT\SEM 2\Datacommunicatie\Project\raspicam\node_modules\.staging\bindings-a389d87d
304 silly gentlyRm C:\Users\Stijn\Desktop\2NMCT\SEM 2\Datacommunicatie\Project\raspicam\node_modules\.staging\bindings-a389d87d is being purged
305 verbose gentlyRm don't care about contents; nuking C:\Users\Stijn\Desktop\2NMCT\SEM 2\Datacommunicatie\Project\raspicam\node_modules\.staging\bindings-a389d87d
306 silly gentlyRm C:\Users\Stijn\Desktop\2NMCT\SEM 2\Datacommunicatie\Project\raspicam\node_modules\.staging\onoff-aebbb5fd is being purged from base C:\Users\Stijn\Desktop\2NMCT\SEM 2\Datacommunicatie\Project\raspicam
307 verbose gentlyRm don't care about contents; nuking C:\Users\Stijn\Desktop\2NMCT\SEM 2\Datacommunicatie\Project\raspicam\node_modules\.staging\onoff-aebbb5fd
308 verbose tar unpack C:\Users\Stijn\AppData\Roaming\npm-cache\nan\2.5.1\package.tgz
309 verbose tar unpacking to C:\Users\Stijn\Desktop\2NMCT\SEM 2\Datacommunicatie\Project\raspicam\node_modules\.staging\nan-274c2993
310 silly gentlyRm C:\Users\Stijn\Desktop\2NMCT\SEM 2\Datacommunicatie\Project\raspicam\node_modules\.staging\nan-274c2993 is being purged
311 verbose gentlyRm don't care about contents; nuking C:\Users\Stijn\Desktop\2NMCT\SEM 2\Datacommunicatie\Project\raspicam\node_modules\.staging\nan-274c2993
312 verbose tar unpack C:\Users\Stijn\AppData\Roaming\npm-cache\epoll\0.1.21\package.tgz
313 verbose tar unpacking to C:\Users\Stijn\Desktop\2NMCT\SEM 2\Datacommunicatie\Project\raspicam\node_modules\.staging\epoll-a9d5ca21
314 silly gentlyRm C:\Users\Stijn\Desktop\2NMCT\SEM 2\Datacommunicatie\Project\raspicam\node_modules\.staging\epoll-a9d5ca21 is being purged
315 verbose gentlyRm don't care about contents; nuking C:\Users\Stijn\Desktop\2NMCT\SEM 2\Datacommunicatie\Project\raspicam\node_modules\.staging\epoll-a9d5ca21
316 silly gunzTarPerm modes [ '777', '666' ]
317 verbose tar unpack C:\Users\Stijn\AppData\Roaming\npm-cache\onoff\1.1.2\package.tgz
318 verbose tar unpacking to C:\Users\Stijn\Desktop\2NMCT\SEM 2\Datacommunicatie\Project\raspicam\node_modules\.staging\onoff-aebbb5fd
319 silly gentlyRm C:\Users\Stijn\Desktop\2NMCT\SEM 2\Datacommunicatie\Project\raspicam\node_modules\.staging\onoff-aebbb5fd is being purged
320 verbose gentlyRm don't care about contents; nuking C:\Users\Stijn\Desktop\2NMCT\SEM 2\Datacommunicatie\Project\raspicam\node_modules\.staging\onoff-aebbb5fd
321 silly gunzTarPerm modes [ '777', '666' ]
322 silly gunzTarPerm modes [ '777', '666' ]
323 silly gentlyRm C:\Users\Stijn\Desktop\2NMCT\SEM 2\Datacommunicatie\Project\raspicam\node_modules\.staging\lcd-aef2752e is being purged from base C:\Users\Stijn\Desktop\2NMCT\SEM 2\Datacommunicatie\Project\raspicam
324 verbose gentlyRm don't care about contents; nuking C:\Users\Stijn\Desktop\2NMCT\SEM 2\Datacommunicatie\Project\raspicam\node_modules\.staging\lcd-aef2752e
325 silly gunzTarPerm modes [ '777', '666' ]
326 verbose tar unpack C:\Users\Stijn\AppData\Roaming\npm-cache\lcd\1.1.4\package.tgz
327 verbose tar unpacking to C:\Users\Stijn\Desktop\2NMCT\SEM 2\Datacommunicatie\Project\raspicam\node_modules\.staging\lcd-aef2752e
328 silly gentlyRm C:\Users\Stijn\Desktop\2NMCT\SEM 2\Datacommunicatie\Project\raspicam\node_modules\.staging\lcd-aef2752e is being purged
329 verbose gentlyRm don't care about contents; nuking C:\Users\Stijn\Desktop\2NMCT\SEM 2\Datacommunicatie\Project\raspicam\node_modules\.staging\lcd-aef2752e
330 silly gunzTarPerm modes [ '777', '666' ]
331 silly gunzTarPerm extractEntry package.json
332 silly gunzTarPerm modified mode [ 'package.json', 436, 438 ]
333 silly gunzTarPerm extractEntry package.json
334 silly gunzTarPerm modified mode [ 'package.json', 420, 438 ]
335 silly gunzTarPerm extractEntry package.json
336 silly gunzTarPerm modified mode [ 'package.json', 436, 438 ]
337 silly gunzTarPerm extractEntry package.json
338 silly gunzTarPerm modified mode [ 'package.json', 436, 438 ]
339 silly gunzTarPerm extractEntry package.json
340 silly gunzTarPerm modified mode [ 'package.json', 436, 438 ]
341 silly gunzTarPerm extractEntry README.md
342 silly gunzTarPerm modified mode [ 'README.md', 436, 438 ]
343 silly gunzTarPerm extractEntry README.md
344 silly gunzTarPerm modified mode [ 'README.md', 420, 438 ]
345 silly gunzTarPerm extractEntry bindings.js
346 silly gunzTarPerm modified mode [ 'bindings.js', 420, 438 ]
347 silly gunzTarPerm extractEntry include_dirs.js
348 silly gunzTarPerm modified mode [ 'include_dirs.js', 436, 438 ]
349 silly gunzTarPerm extractEntry .npmignore
350 silly gunzTarPerm modified mode [ '.npmignore', 436, 438 ]
351 silly gunzTarPerm extractEntry README.md
352 silly gunzTarPerm modified mode [ 'README.md', 436, 438 ]
353 silly gunzTarPerm extractEntry .npmignore
354 silly gunzTarPerm modified mode [ '.npmignore', 436, 438 ]
355 silly gunzTarPerm extractEntry README.md
356 silly gunzTarPerm modified mode [ 'README.md', 436, 438 ]
357 silly gunzTarPerm extractEntry .npmignore
358 silly gunzTarPerm modified mode [ '.npmignore', 436, 438 ]
359 silly gunzTarPerm extractEntry README.md
360 silly gunzTarPerm modified mode [ 'README.md', 436, 438 ]
361 silly gunzTarPerm extractEntry nan_converters.h
362 silly gunzTarPerm modified mode [ 'nan_converters.h', 436, 438 ]
363 silly gunzTarPerm extractEntry CHANGELOG.md
364 silly gunzTarPerm modified mode [ 'CHANGELOG.md', 436, 438 ]
365 silly gunzTarPerm extractEntry LICENSE.md
366 silly gunzTarPerm modified mode [ 'LICENSE.md', 436, 438 ]
367 silly gunzTarPerm extractEntry LICENSE
368 silly gunzTarPerm modified mode [ 'LICENSE', 436, 438 ]
369 silly gunzTarPerm extractEntry epoll.js
370 silly gunzTarPerm modified mode [ 'epoll.js', 436, 438 ]
371 silly gunzTarPerm extractEntry LICENSE
372 silly gunzTarPerm modified mode [ 'LICENSE', 436, 438 ]
373 silly gunzTarPerm extractEntry LICENSE
374 silly gunzTarPerm modified mode [ 'LICENSE', 436, 438 ]
375 silly gunzTarPerm extractEntry lcd.js
376 silly gunzTarPerm modified mode [ 'lcd.js', 436, 438 ]
377 silly gunzTarPerm extractEntry doc/node_misc.md
378 silly gunzTarPerm modified mode [ 'doc/node_misc.md', 436, 438 ]
379 silly gunzTarPerm extractEntry History.md
380 silly gunzTarPerm modified mode [ 'History.md', 436, 438 ]
381 silly gunzTarPerm extractEntry binding.gyp
382 silly gunzTarPerm modified mode [ 'binding.gyp', 436, 438 ]
383 silly gunzTarPerm extractEntry example/interrupts-per-second/interrupts-per-second.js
384 silly gunzTarPerm modified mode [ 'example/interrupts-per-second/interrupts-per-second.js',
384 silly gunzTarPerm   436,
384 silly gunzTarPerm   438 ]
385 silly gunzTarPerm extractEntry example/interrupts-per-second/export
386 silly gunzTarPerm modified mode [ 'example/interrupts-per-second/export', 509, 511 ]
387 silly gunzTarPerm extractEntry example/interrupts-per-second/unexport
388 silly gunzTarPerm modified mode [ 'example/interrupts-per-second/unexport', 509, 511 ]
389 silly gunzTarPerm extractEntry example/watch-button/watch-button.js
390 silly gunzTarPerm modified mode [ 'example/watch-button/watch-button.js', 436, 438 ]
391 silly gunzTarPerm extractEntry example/watch-button/export
392 silly gunzTarPerm modified mode [ 'example/watch-button/export', 509, 511 ]
393 silly gunzTarPerm extractEntry example/watch-button/unexport
394 silly gunzTarPerm modified mode [ 'example/watch-button/unexport', 509, 511 ]
395 silly gunzTarPerm extractEntry src/epoll.cc
396 silly gunzTarPerm modified mode [ 'src/epoll.cc', 436, 438 ]
397 silly gunzTarPerm extractEntry src/epoll.h
398 silly gunzTarPerm modified mode [ 'src/epoll.h', 436, 438 ]
399 silly gunzTarPerm extractEntry test/brute-force-leak-check.js
400 silly gunzTarPerm modified mode [ 'test/brute-force-leak-check.js', 436, 438 ]
401 silly gunzTarPerm extractEntry test/do-almost-nothing.js
402 silly gunzTarPerm modified mode [ 'test/do-almost-nothing.js', 436, 438 ]
403 silly gunzTarPerm extractEntry test/do-nothing.js
404 silly gunzTarPerm modified mode [ 'test/do-nothing.js', 436, 438 ]
405 silly gunzTarPerm extractEntry test/no-gc-allowed.js
406 silly gunzTarPerm modified mode [ 'test/no-gc-allowed.js', 436, 438 ]
407 silly gunzTarPerm extractEntry test/closed.js
408 silly gunzTarPerm modified mode [ 'test/closed.js', 436, 438 ]
409 silly gunzTarPerm extractEntry test/performance-check.js
410 silly gunzTarPerm modified mode [ 'test/performance-check.js', 436, 438 ]
411 silly gunzTarPerm extractEntry test/util.js
412 silly gunzTarPerm modified mode [ 'test/util.js', 436, 438 ]
413 silly gunzTarPerm extractEntry test/two-shot.js
414 silly gunzTarPerm modified mode [ 'test/two-shot.js', 436, 438 ]
415 silly gunzTarPerm extractEntry test/verify-events.js
416 silly gunzTarPerm modified mode [ 'test/verify-events.js', 436, 438 ]
417 silly gunzTarPerm extractEntry test/one-shot.js
418 silly gunzTarPerm modified mode [ 'test/one-shot.js', 436, 438 ]
419 silly gunzTarPerm extractEntry test/run-tests
420 silly gunzTarPerm modified mode [ 'test/run-tests', 509, 511 ]
421 silly gunzTarPerm extractEntry onoff.js
422 silly gunzTarPerm modified mode [ 'onoff.js', 436, 438 ]
423 silly gunzTarPerm extractEntry History.md
424 silly gunzTarPerm modified mode [ 'History.md', 436, 438 ]
425 silly gunzTarPerm extractEntry Gruntfile.js
426 silly gunzTarPerm modified mode [ 'Gruntfile.js', 436, 438 ]
427 silly gunzTarPerm extractEntry doc/asyncworker.md
428 silly gunzTarPerm modified mode [ 'doc/asyncworker.md', 436, 438 ]
429 silly gunzTarPerm extractEntry doc/callback.md
430 silly gunzTarPerm modified mode [ 'doc/callback.md', 436, 438 ]
431 silly gunzTarPerm extractEntry History.md
432 silly gunzTarPerm modified mode [ 'History.md', 436, 438 ]
433 silly gunzTarPerm extractEntry .jshintrc
434 silly gunzTarPerm modified mode [ '.jshintrc', 436, 438 ]
435 silly gunzTarPerm extractEntry examples/blink-led-async.js
436 silly gunzTarPerm modified mode [ 'examples/blink-led-async.js', 436, 438 ]
437 silly gunzTarPerm extractEntry examples/blink-led.js
438 silly gunzTarPerm modified mode [ 'examples/blink-led.js', 436, 438 ]
439 silly gunzTarPerm extractEntry doc/converters.md
440 silly gunzTarPerm modified mode [ 'doc/converters.md', 436, 438 ]
441 silly gunzTarPerm extractEntry doc/errors.md
442 silly gunzTarPerm modified mode [ 'doc/errors.md', 436, 438 ]
443 silly gunzTarPerm extractEntry example/digital-clock-8x1.js
444 silly gunzTarPerm modified mode [ 'example/digital-clock-8x1.js', 436, 438 ]
445 silly gunzTarPerm extractEntry example/hello-world-8x1.js
446 silly gunzTarPerm modified mode [ 'example/hello-world-8x1.js', 436, 438 ]
447 silly gunzTarPerm extractEntry doc/maybe_types.md
448 silly gunzTarPerm modified mode [ 'doc/maybe_types.md', 436, 438 ]
449 silly gunzTarPerm extractEntry doc/methods.md
450 silly gunzTarPerm modified mode [ 'doc/methods.md', 436, 438 ]
451 silly gunzTarPerm extractEntry doc/new.md
452 silly gunzTarPerm modified mode [ 'doc/new.md', 436, 438 ]
453 silly gunzTarPerm extractEntry examples/light-switch.js
454 silly gunzTarPerm modified mode [ 'examples/light-switch.js', 436, 438 ]
455 silly gunzTarPerm extractEntry examples/wait-for-interrupt.js
456 silly gunzTarPerm modified mode [ 'examples/wait-for-interrupt.js', 436, 438 ]
457 silly gunzTarPerm extractEntry doc/buffers.md
458 silly gunzTarPerm modified mode [ 'doc/buffers.md', 436, 438 ]
459 silly gunzTarPerm extractEntry doc/object_wrappers.md
460 silly gunzTarPerm modified mode [ 'doc/object_wrappers.md', 436, 438 ]
461 silly gunzTarPerm extractEntry example/print-twice-20x4.js
462 silly gunzTarPerm modified mode [ 'example/print-twice-20x4.js', 436, 438 ]
463 silly gunzTarPerm extractEntry example/digital-clock-8x1.jpg
464 silly gunzTarPerm modified mode [ 'example/digital-clock-8x1.jpg', 436, 438 ]
465 silly gunzTarPerm extractEntry examples/light-switch.png
466 silly gunzTarPerm modified mode [ 'examples/light-switch.png', 436, 438 ]
467 silly gentlyRm C:\Users\Stijn\Desktop\2NMCT\SEM 2\Datacommunicatie\Project\raspicam\node_modules\.staging\bindings-a389d87d\node_modules is being purged
468 verbose gentlyRm don't care about contents; nuking C:\Users\Stijn\Desktop\2NMCT\SEM 2\Datacommunicatie\Project\raspicam\node_modules\.staging\bindings-a389d87d\node_modules
469 silly gunzTarPerm extractEntry doc/persistent.md
470 silly gunzTarPerm modified mode [ 'doc/persistent.md', 436, 438 ]
471 silly gunzTarPerm extractEntry doc/scopes.md
472 silly gunzTarPerm modified mode [ 'doc/scopes.md', 436, 438 ]
473 silly gunzTarPerm extractEntry test/async-queue.js
474 silly gunzTarPerm modified mode [ 'test/async-queue.js', 436, 438 ]
475 silly gunzTarPerm extractEntry test/callbacks.js
476 silly gunzTarPerm modified mode [ 'test/callbacks.js', 436, 438 ]
477 silly gunzTarPerm extractEntry examples/mygpio-overlay.dts
478 silly gunzTarPerm modified mode [ 'examples/mygpio-overlay.dts', 436, 438 ]
479 silly gunzTarPerm extractEntry test/events.js
480 silly gunzTarPerm modified mode [ 'test/events.js', 436, 438 ]
481 silly gunzTarPerm extractEntry test/parallel-print.js
482 silly gunzTarPerm modified mode [ 'test/parallel-print.js', 436, 438 ]
483 silly gunzTarPerm extractEntry doc/script.md
484 silly gunzTarPerm modified mode [ 'doc/script.md', 436, 438 ]
485 silly gunzTarPerm extractEntry doc/string_bytes.md
486 silly gunzTarPerm modified mode [ 'doc/string_bytes.md', 436, 438 ]
487 silly gunzTarPerm extractEntry examples/run-examples
488 silly gunzTarPerm modified mode [ 'examples/run-examples', 509, 511 ]
489 silly gunzTarPerm extractEntry test/blink-led.js
490 silly gunzTarPerm modified mode [ 'test/blink-led.js', 436, 438 ]
491 silly gunzTarPerm extractEntry test/performance-check-20x4.js
492 silly gunzTarPerm modified mode [ 'test/performance-check-20x4.js', 436, 438 ]
493 silly gunzTarPerm extractEntry test/print-large-strings-8x1.js
494 silly gunzTarPerm modified mode [ 'test/print-large-strings-8x1.js', 436, 438 ]
495 silly gunzTarPerm extractEntry doc/v8_internals.md
496 silly gunzTarPerm modified mode [ 'doc/v8_internals.md', 436, 438 ]
497 silly gunzTarPerm extractEntry test/configure-and-check-input.js
498 silly gunzTarPerm modified mode [ 'test/configure-and-check-input.js', 436, 438 ]
499 silly gunzTarPerm extractEntry test/configure-and-check-output.js
500 silly gunzTarPerm modified mode [ 'test/configure-and-check-output.js', 436, 438 ]
501 silly gunzTarPerm extractEntry doc/v8_misc.md
502 silly gunzTarPerm modified mode [ 'doc/v8_misc.md', 436, 438 ]
503 silly gunzTarPerm extractEntry tests/write4bits.js
504 silly gunzTarPerm modified mode [ 'tests/write4bits.js', 436, 438 ]
505 silly gunzTarPerm extractEntry test/export-many-times.js
506 silly gunzTarPerm modified mode [ 'test/export-many-times.js', 436, 438 ]
507 silly gunzTarPerm extractEntry test/many-interrupts.js
508 silly gunzTarPerm modified mode [ 'test/many-interrupts.js', 436, 438 ]
509 silly gunzTarPerm extractEntry nan.h
510 silly gunzTarPerm modified mode [ 'nan.h', 436, 438 ]
511 silly gunzTarPerm extractEntry nan_callbacks.h
512 silly gunzTarPerm modified mode [ 'nan_callbacks.h', 436, 438 ]
513 silly gunzTarPerm extractEntry test/configure-and-check-active-low.js
514 silly gunzTarPerm modified mode [ 'test/configure-and-check-active-low.js', 436, 438 ]
515 silly gunzTarPerm extractEntry test/performance-interrupt.js
516 silly gunzTarPerm modified mode [ 'test/performance-interrupt.js', 436, 438 ]
517 silly gunzTarPerm extractEntry test/performance-sync.js
518 silly gunzTarPerm modified mode [ 'test/performance-sync.js', 436, 438 ]
519 silly gunzTarPerm extractEntry nan_callbacks_12_inl.h
520 silly gunzTarPerm modified mode [ 'nan_callbacks_12_inl.h', 436, 438 ]
521 silly gunzTarPerm extractEntry nan_callbacks_pre_12_inl.h
522 silly gunzTarPerm modified mode [ 'nan_callbacks_pre_12_inl.h', 436, 438 ]
523 silly gunzTarPerm extractEntry test/wait-for-interrupt.js
524 silly gunzTarPerm modified mode [ 'test/wait-for-interrupt.js', 436, 438 ]
525 silly gunzTarPerm extractEntry test/wait-for-many-interrupts.js
526 silly gunzTarPerm modified mode [ 'test/wait-for-many-interrupts.js', 436, 438 ]
527 silly gunzTarPerm extractEntry test/performance-async.js
528 silly gunzTarPerm modified mode [ 'test/performance-async.js', 436, 438 ]
529 silly gunzTarPerm extractEntry test/run-tests
530 silly gunzTarPerm modified mode [ 'test/run-tests', 509, 511 ]
531 silly gunzTarPerm extractEntry nan_converters_43_inl.h
532 silly gunzTarPerm modified mode [ 'nan_converters_43_inl.h', 436, 438 ]
533 silly gunzTarPerm extractEntry nan_converters_pre_43_inl.h
534 silly gunzTarPerm modified mode [ 'nan_converters_pre_43_inl.h', 436, 438 ]
535 silly gunzTarPerm extractEntry nan_implementation_12_inl.h
536 silly gunzTarPerm modified mode [ 'nan_implementation_12_inl.h', 436, 438 ]
537 silly gunzTarPerm extractEntry nan_implementation_pre_12_inl.h
538 silly gunzTarPerm modified mode [ 'nan_implementation_pre_12_inl.h', 436, 438 ]
539 silly gunzTarPerm extractEntry nan_maybe_43_inl.h
540 silly gunzTarPerm modified mode [ 'nan_maybe_43_inl.h', 436, 438 ]
541 silly gunzTarPerm extractEntry nan_maybe_pre_43_inl.h
542 silly gunzTarPerm modified mode [ 'nan_maybe_pre_43_inl.h', 436, 438 ]
543 silly gunzTarPerm extractEntry nan_new.h
544 silly gunzTarPerm modified mode [ 'nan_new.h', 436, 438 ]
545 silly gunzTarPerm extractEntry nan_object_wrap.h
546 silly gunzTarPerm modified mode [ 'nan_object_wrap.h', 436, 438 ]
547 silly gunzTarPerm extractEntry nan_persistent_12_inl.h
548 silly gunzTarPerm modified mode [ 'nan_persistent_12_inl.h', 436, 438 ]
549 silly gunzTarPerm extractEntry nan_persistent_pre_12_inl.h
550 silly gunzTarPerm modified mode [ 'nan_persistent_pre_12_inl.h', 436, 438 ]
551 silly gunzTarPerm extractEntry nan_private.h
552 silly gunzTarPerm modified mode [ 'nan_private.h', 436, 438 ]
553 silly gunzTarPerm extractEntry nan_string_bytes.h
554 silly gunzTarPerm modified mode [ 'nan_string_bytes.h', 436, 438 ]
555 silly gentlyRm C:\Users\Stijn\Desktop\2NMCT\SEM 2\Datacommunicatie\Project\raspicam\node_modules\.staging\lcd-aef2752e\node_modules is being purged
556 verbose gentlyRm don't care about contents; nuking C:\Users\Stijn\Desktop\2NMCT\SEM 2\Datacommunicatie\Project\raspicam\node_modules\.staging\lcd-aef2752e\node_modules
557 silly gunzTarPerm extractEntry nan_typedarray_contents.h
558 silly gunzTarPerm modified mode [ 'nan_typedarray_contents.h', 436, 438 ]
559 silly gunzTarPerm extractEntry nan_weak.h
560 silly gunzTarPerm modified mode [ 'nan_weak.h', 436, 438 ]
561 silly gunzTarPerm extractEntry tools/package.json
562 silly gunzTarPerm modified mode [ 'tools/package.json', 436, 438 ]
563 silly gunzTarPerm extractEntry tools/README.md
564 silly gunzTarPerm modified mode [ 'tools/README.md', 436, 438 ]
565 silly gunzTarPerm extractEntry tools/1to2.js
566 silly gunzTarPerm modified mode [ 'tools/1to2.js', 509, 511 ]
567 silly gentlyRm C:\Users\Stijn\Desktop\2NMCT\SEM 2\Datacommunicatie\Project\raspicam\node_modules\.staging\onoff-aebbb5fd\node_modules is being purged
568 verbose gentlyRm don't care about contents; nuking C:\Users\Stijn\Desktop\2NMCT\SEM 2\Datacommunicatie\Project\raspicam\node_modules\.staging\onoff-aebbb5fd\node_modules
569 silly gentlyRm C:\Users\Stijn\Desktop\2NMCT\SEM 2\Datacommunicatie\Project\raspicam\node_modules\.staging\epoll-a9d5ca21\node_modules is being purged
570 verbose gentlyRm don't care about contents; nuking C:\Users\Stijn\Desktop\2NMCT\SEM 2\Datacommunicatie\Project\raspicam\node_modules\.staging\epoll-a9d5ca21\node_modules
571 silly gentlyRm C:\Users\Stijn\Desktop\2NMCT\SEM 2\Datacommunicatie\Project\raspicam\node_modules\.staging\nan-274c2993\node_modules is being purged
572 verbose gentlyRm don't care about contents; nuking C:\Users\Stijn\Desktop\2NMCT\SEM 2\Datacommunicatie\Project\raspicam\node_modules\.staging\nan-274c2993\node_modules
573 silly doParallel preinstall 5
574 silly preinstall bindings@1.2.1 C:\Users\Stijn\Desktop\2NMCT\SEM 2\Datacommunicatie\Project\raspicam\node_modules\.staging\bindings-a389d87d
575 info lifecycle bindings@1.2.1~preinstall: bindings@1.2.1
576 silly preinstall nan@2.5.1 C:\Users\Stijn\Desktop\2NMCT\SEM 2\Datacommunicatie\Project\raspicam\node_modules\.staging\nan-274c2993
577 info lifecycle nan@2.5.1~preinstall: nan@2.5.1
578 silly preinstall epoll@0.1.21 C:\Users\Stijn\Desktop\2NMCT\SEM 2\Datacommunicatie\Project\raspicam\node_modules\.staging\epoll-a9d5ca21
579 info lifecycle epoll@0.1.21~preinstall: epoll@0.1.21
580 silly preinstall onoff@1.1.2 C:\Users\Stijn\Desktop\2NMCT\SEM 2\Datacommunicatie\Project\raspicam\node_modules\.staging\onoff-aebbb5fd
581 info lifecycle onoff@1.1.2~preinstall: onoff@1.1.2
582 silly preinstall lcd@1.1.4 C:\Users\Stijn\Desktop\2NMCT\SEM 2\Datacommunicatie\Project\raspicam\node_modules\.staging\lcd-aef2752e
583 info lifecycle lcd@1.1.4~preinstall: lcd@1.1.4
584 silly lifecycle bindings@1.2.1~preinstall: no script for preinstall, continuing
585 silly lifecycle nan@2.5.1~preinstall: no script for preinstall, continuing
586 silly lifecycle epoll@0.1.21~preinstall: no script for preinstall, continuing
587 silly lifecycle onoff@1.1.2~preinstall: no script for preinstall, continuing
588 silly lifecycle lcd@1.1.4~preinstall: no script for preinstall, continuing
589 silly doReverseSerial remove 0
590 silly doSerial move 0
591 silly doSerial finalize 5
592 silly finalize C:\Users\Stijn\Desktop\2NMCT\SEM 2\Datacommunicatie\Project\raspicam\node_modules\bindings
593 silly finalize C:\Users\Stijn\Desktop\2NMCT\SEM 2\Datacommunicatie\Project\raspicam\node_modules\nan
594 silly finalize C:\Users\Stijn\Desktop\2NMCT\SEM 2\Datacommunicatie\Project\raspicam\node_modules\epoll
595 silly finalize C:\Users\Stijn\Desktop\2NMCT\SEM 2\Datacommunicatie\Project\raspicam\node_modules\onoff
596 silly finalize C:\Users\Stijn\Desktop\2NMCT\SEM 2\Datacommunicatie\Project\raspicam\node_modules\lcd
597 silly doSerial build 5
598 silly build bindings@1.2.1
599 info linkStuff bindings@1.2.1
600 silly linkStuff bindings@1.2.1 has C:\Users\Stijn\Desktop\2NMCT\SEM 2\Datacommunicatie\Project\raspicam\node_modules as its parent node_modules
601 verbose linkBins bindings@1.2.1
602 verbose linkMans bindings@1.2.1
603 silly build nan@2.5.1
604 info linkStuff nan@2.5.1
605 silly linkStuff nan@2.5.1 has C:\Users\Stijn\Desktop\2NMCT\SEM 2\Datacommunicatie\Project\raspicam\node_modules as its parent node_modules
606 verbose linkBins nan@2.5.1
607 verbose linkMans nan@2.5.1
608 silly build epoll@0.1.21
609 info linkStuff epoll@0.1.21
610 silly linkStuff epoll@0.1.21 has C:\Users\Stijn\Desktop\2NMCT\SEM 2\Datacommunicatie\Project\raspicam\node_modules as its parent node_modules
611 verbose linkBins epoll@0.1.21
612 verbose linkMans epoll@0.1.21
613 silly build onoff@1.1.2
614 info linkStuff onoff@1.1.2
615 silly linkStuff onoff@1.1.2 has C:\Users\Stijn\Desktop\2NMCT\SEM 2\Datacommunicatie\Project\raspicam\node_modules as its parent node_modules
616 verbose linkBins onoff@1.1.2
617 verbose linkMans onoff@1.1.2
618 silly build lcd@1.1.4
619 info linkStuff lcd@1.1.4
620 silly linkStuff lcd@1.1.4 has C:\Users\Stijn\Desktop\2NMCT\SEM 2\Datacommunicatie\Project\raspicam\node_modules as its parent node_modules
621 verbose linkBins lcd@1.1.4
622 verbose linkMans lcd@1.1.4
623 silly doSerial global-link 0
624 silly doParallel update-linked 0
625 silly doSerial install 5
626 silly install bindings@1.2.1 C:\Users\Stijn\Desktop\2NMCT\SEM 2\Datacommunicatie\Project\raspicam\node_modules\.staging\bindings-a389d87d
627 info lifecycle bindings@1.2.1~install: bindings@1.2.1
628 silly lifecycle bindings@1.2.1~install: no script for install, continuing
629 silly install nan@2.5.1 C:\Users\Stijn\Desktop\2NMCT\SEM 2\Datacommunicatie\Project\raspicam\node_modules\.staging\nan-274c2993
630 info lifecycle nan@2.5.1~install: nan@2.5.1
631 silly lifecycle nan@2.5.1~install: no script for install, continuing
632 silly install epoll@0.1.21 C:\Users\Stijn\Desktop\2NMCT\SEM 2\Datacommunicatie\Project\raspicam\node_modules\.staging\epoll-a9d5ca21
633 info lifecycle epoll@0.1.21~install: epoll@0.1.21
634 verbose lifecycle epoll@0.1.21~install: unsafe-perm in lifecycle true
635 verbose lifecycle epoll@0.1.21~install: PATH: C:\Program Files\nodejs\node_modules\npm\bin\node-gyp-bin;C:\Users\Stijn\Desktop\2NMCT\SEM 2\Datacommunicatie\Project\raspicam\node_modules\epoll\node_modules\.bin;C:\Users\Stijn\Desktop\2NMCT\SEM 2\Datacommunicatie\Project\raspicam\node_modules\.bin;C:\Windows\system32;C:\Windows;C:\Windows\System32\Wbem;C:\Windows\System32\WindowsPowerShell\v1.0\;C:\Program Files (x86)\NVIDIA Corporation\PhysX\Common;C:\Program Files\Git\cmd;C:\WINDOWS\system32;C:\WINDOWS;C:\WINDOWS\System32\Wbem;C:\WINDOWS\System32\WindowsPowerShell\v1.0\;C:\WINDOWS\system32\config\systemprofile\.dnx\bin;C:\Program Files\Microsoft DNX\Dnvm\;C:\Program Files\Microsoft SQL Server\130\Tools\Binn\;C:\Program Files (x86)\Windows Kits\10\Windows Performance Toolkit\;C:\Program Files (x86)\Skype\Phone\;C:\Program Files\nodejs\;C:\Ruby23-x64\bin;C:\Users\Stijn\AppData\Local\Microsoft\WindowsApps;C:\Users\Stijn\AppData\Roaming\npm
636 verbose lifecycle epoll@0.1.21~install: CWD: C:\Users\Stijn\Desktop\2NMCT\SEM 2\Datacommunicatie\Project\raspicam\node_modules\epoll
637 silly lifecycle epoll@0.1.21~install: Args: [ '/d /s /c', 'node-gyp rebuild' ]
638 silly lifecycle epoll@0.1.21~install: Returned: code: 1  signal: null
639 info lifecycle epoll@0.1.21~install: Failed to exec install script
640 verbose unlock done using C:\Users\Stijn\AppData\Roaming\npm-cache\_locks\staging-6a48009f10295141.lock for C:\Users\Stijn\Desktop\2NMCT\SEM 2\Datacommunicatie\Project\raspicam\node_modules\.staging
641 silly rollbackFailedOptional Starting
642 silly rollbackFailedOptional Finishing
643 silly runTopLevelLifecycles Finishing
644 silly install printInstalled
645 warn raspicam@1.0.0 No description
646 verbose If you need help, you may report this error at:
646 verbose     <https://github.com/npm/npm/issues>
647 verbose stack Error: epoll@0.1.21 install: `node-gyp rebuild`
647 verbose stack Exit status 1
647 verbose stack     at EventEmitter.<anonymous> (C:\Program Files\nodejs\node_modules\npm\lib\utils\lifecycle.js:255:16)
647 verbose stack     at emitTwo (events.js:106:13)
647 verbose stack     at EventEmitter.emit (events.js:191:7)
647 verbose stack     at ChildProcess.<anonymous> (C:\Program Files\nodejs\node_modules\npm\lib\utils\spawn.js:40:14)
647 verbose stack     at emitTwo (events.js:106:13)
647 verbose stack     at ChildProcess.emit (events.js:191:7)
647 verbose stack     at maybeClose (internal/child_process.js:886:16)
647 verbose stack     at Process.ChildProcess._handle.onexit (internal/child_process.js:226:5)
648 verbose pkgid epoll@0.1.21
649 verbose cwd C:\Users\Stijn\Desktop\2NMCT\SEM 2\Datacommunicatie\Project\raspicam
650 error Windows_NT 10.0.14393
651 error argv "C:\\Program Files\\nodejs\\node.exe" "C:\\Program Files\\nodejs\\node_modules\\npm\\bin\\npm-cli.js" "install"
652 error node v6.10.1
653 error npm  v3.10.10
654 error code ELIFECYCLE
655 error epoll@0.1.21 install: `node-gyp rebuild`
655 error Exit status 1
656 error Failed at the epoll@0.1.21 install script 'node-gyp rebuild'.
656 error Make sure you have the latest version of node.js and npm installed.
656 error If you do, this is most likely a problem with the epoll package,
656 error not with npm itself.
656 error Tell the author that this fails on your system:
656 error     node-gyp rebuild
656 error You can get information on how to open an issue for this project with:
656 error     npm bugs epoll
656 error Or if that isn't available, you can get their info via:
656 error     npm owner ls epoll
656 error There is likely additional logging output above.
657 verbose exit [ 1, true ]
